dplatform_sdk/proguard/mapping.txt
# compiler: R8
# compiler_version: 1.5.68
# pg_map_id: f68408a
org.dplatform.sdk.DPlatformApi -> org.dplatform.sdk.DPlatformApi:
    java.lang.String scheme -> g
    org.dplatform.sdk.DPlatformEvn evn -> h
    android.net.Uri$Builder builder -> b
    org.dplatform.sdk.DPlatformApiCallback callback -> f
    java.lang.ref.WeakReference reference -> a
    java.lang.String site -> c
    java.util.Map params -> e
    java.lang.String packageName -> d
    1:1:void <init>(java.lang.ref.WeakReference,java.lang.String,java.lang.String,java.lang.String,org.dplatform.sdk.DPlatformEvn):31:31 -> <init>
    2:13:void <init>(java.lang.ref.WeakReference,java.lang.String,java.lang.String,java.lang.String,org.dplatform.sdk.DPlatformEvn):26:37 -> <init>
    1:18:void parseIntent(android.content.Intent,org.dplatform.sdk.OnUriIsNullListener):105:122 -> a
    19:19:java.lang.String buildJsonStrParams():137:137 -> a
    20:23:java.util.Map checkRequiredParams(java.util.Map):145:148 -> a
    1:6:android.net.Uri buildPlatformUri():128:133 -> b
    1:1:android.app.Activity getActivity():87:87 -> c
    1:1:org.dplatform.sdk.DPlatformApiCallback getCallback():101:101 -> d
    1:1:java.lang.String getCallbackScheme():83:83 -> e
    1:1:android.content.Intent getIntent():91:91 -> f
    1:6:java.lang.String getPlatformDownloadUrl():69:74 -> g
    1:1:java.lang.String getPlatformPackageName():65:65 -> h
    1:1:java.lang.String getPlatformScheme():79:79 -> i
    1:1:android.net.Uri$Builder newUriBuilder():141:141 -> j
org.dplatform.sdk.DPlatformApiCallbackActivity -> org.dplatform.sdk.DPlatformApiCallbackActivity:
    1:1:void <init>():12:12 -> <init>
    1:1:java.lang.String access$000():12:12 -> a
    1:1:java.lang.String access$100():12:12 -> b
    1:1:android.net.Uri access$200():12:12 -> c
    1:1:boolean createdApi():60:60 -> d
    1:1:boolean enabledCallback():64:64 -> e
    1:1:java.lang.String getPlatformDownloadUrl():72:72 -> f
    1:1:java.lang.String getPlatformPackageName():68:68 -> g
    1:1:android.net.Uri getPlatformUri():76:76 -> h
    1:38:void onCreate(android.os.Bundle):19:56 -> onCreate
org.dplatform.sdk.DPlatformApiCallbackActivity$1 -> org.dplatform.sdk.DPlatformApiCallbackActivity$a:
    org.dplatform.sdk.DPlatformApiCallbackActivity this$0 -> a
    1:1:void <init>(org.dplatform.sdk.DPlatformApiCallbackActivity):29:29 -> <init>
    1:18:void onUriIsNull():33:50 -> onUriIsNull
    19:19:void onUriIsNull():48:48 -> onUriIsNull
org.dplatform.sdk.DPlatformApiCallbackActivity$1$1 -> org.dplatform.sdk.DPlatformApiCallbackActivity$a$a:
    1:1:void <init>(org.dplatform.sdk.DPlatformApiCallbackActivity$1):38:38 -> <init>
    1:2:void with(android.content.Intent):41:42 -> with
org.dplatform.sdk.DPlatformApiFactory -> org.dplatform.sdk.DPlatformApiFactory:
    1:1:void <init>():9:9 -> <init>
    1:1:org.dplatform.sdk.DPlatformApi createApi(android.app.Activity,java.lang.String,java.lang.String,org.dplatform.sdk.DPlatformEvn):23:23 -> createApi
org.dplatform.sdk.DPlatformEvn -> org.dplatform.sdk.DPlatformEvn:
    org.dplatform.sdk.DPlatformEvn[] $VALUES -> a
    1:3:void <clinit>():4:6 -> <clinit>
    4:4:void <clinit>():3:3 -> <clinit>
    1:3:void <init>(java.lang.String,int,int,java.lang.String):12:14 -> <init>
    1:1:org.dplatform.sdk.DPlatformEvn valueOf(java.lang.String):3:3 -> valueOf
    1:1:org.dplatform.sdk.DPlatformEvn[] values():3:3 -> values
org.dplatform.sdk.DataModel -> org.dplatform.sdk.DataModel:
    1:1:void <init>(java.lang.String):9:9 -> <init>
    2:5:void <init>(java.lang.String):7:10 -> <init>
    1:1:java.util.Map getMap():18:18 -> getMap
    1:1:void put(java.lang.String,java.lang.Object):14:14 -> put
org.dplatform.sdk.NullCheck -> org.dplatform.sdk.NullCheck:
    1:1:void <init>():3:3 -> <init>
    1:1:java.lang.Object nonNull(java.lang.Object,java.lang.String):7:7 -> nonNull