dplatform_sdk/proguard/unused.txt
org.dplatform.sdk.BuildConfig
org.dplatform.sdk.DPlatformApiCallbackActivity$1$1
    public final synthetic org.dplatform.sdk.DPlatformApiCallbackActivity$1 this$1